<?xml version="1.0" encoding="UTF-8"?>
<testsuite name="a102.PickingParking.controller.UserControllerTest" tests="2" skipped="0" failures="0" errors="0" timestamp="2024-11-11T08:12:43" hostname="ip-172-26-4-59" time="0.426">
  <properties/>
  <testcase name="회원가입 API 테스트" classname="a102.PickingParking.controller.UserControllerTest" time="0.299"/>
  <testcase name="로그인 API 테스트" classname="a102.PickingParking.controller.UserControllerTest" time="0.126"/>
  <system-out><![CDATA[2024-11-11T17:12:40.447+09:00  INFO 268850 --- [PickingParking] [    Test worker] t.c.s.AnnotationConfigContextLoaderUtils : Could not detect default configuration classes for test class [a102.PickingParking.controller.UserControllerTest]: UserControllerTest does not declare any static, non-private, non-final, nested classes annotated with @Configuration.
2024-11-11T17:12:40.471+09:00  INFO 268850 --- [PickingParking] [    Test worker] .b.t.c.SpringBootTestContextBootstrapper : Found @SpringBootConfiguration a102.PickingParking.PickingParkingApplication for test class a102.PickingParking.controller.UserControllerTest

  .   ____          _            __ _ _
 /\\ / ___'_ __ _ _(_)_ __  __ _ \ \ \ \
( ( )\___ | '_ | '_| | '_ \/ _` | \ \ \ \
 \\/  ___)| |_)| | | | | || (_| |  ) ) ) )
  '  |____| .__|_| |_|_| |_\__, | / / / /
 =========|_|==============|___/=/_/_/_/

 :: Spring Boot ::                (v3.3.5)

2024-11-11T17:12:40.505+09:00  INFO 268850 --- [PickingParking] [    Test worker] a.P.controller.UserControllerTest        : Starting UserControllerTest using Java 21.0.4 with PID 268850 (started by ubuntu in /home/ubuntu/S11P31A102/backend)
2024-11-11T17:12:40.505+09:00  INFO 268850 --- [PickingParking] [    Test worker] a.P.controller.UserControllerTest        : No active profile set, falling back to 1 default profile: "default"
2024-11-11T17:12:40.809+09:00  INFO 268850 --- [PickingParking] [    Test worker] .s.d.r.c.RepositoryConfigurationDelegate : Bootstrapping Spring Data JPA repositories in DEFAULT mode.
2024-11-11T17:12:40.816+09:00  INFO 268850 --- [PickingParking] [    Test worker] .s.d.r.c.RepositoryConfigurationDelegate : Finished Spring Data repository scanning in 6 ms. Found 2 JPA repository interfaces.
2024-11-11T17:12:41.311+09:00  INFO 268850 --- [PickingParking] [    Test worker] o.hibernate.jpa.internal.util.LogHelper  : HHH000204: Processing PersistenceUnitInfo [name: default]
2024-11-11T17:12:41.316+09:00  INFO 268850 --- [PickingParking] [    Test worker] o.h.c.internal.RegionFactoryInitiator    : HHH000026: Second-level cache disabled
2024-11-11T17:12:41.336+09:00  INFO 268850 --- [PickingParking] [    Test worker] o.s.o.j.p.SpringPersistenceUnitInfo      : No LoadTimeWeaver setup: ignoring JPA class transformer
2024-11-11T17:12:41.338+09:00  INFO 268850 --- [PickingParking] [    Test worker] com.zaxxer.hikari.HikariDataSource       : HikariPool-2 - Starting...
2024-11-11T17:12:41.355+09:00  INFO 268850 --- [PickingParking] [    Test worker] com.zaxxer.hikari.pool.HikariPool        : HikariPool-2 - Added connection com.mysql.cj.jdbc.ConnectionImpl@6a82d4b4
2024-11-11T17:12:41.356+09:00  INFO 268850 --- [PickingParking] [    Test worker] com.zaxxer.hikari.HikariDataSource       : HikariPool-2 - Start completed.
2024-11-11T17:12:41.359+09:00  WARN 268850 --- [PickingParking] [    Test worker] org.hibernate.orm.deprecation            : HHH90000025: MySQLDialect does not need to be specified explicitly using 'hibernate.dialect' (remove the property setting and it will be selected by default)
2024-11-11T17:12:41.581+09:00  INFO 268850 --- [PickingParking] [    Test worker] o.h.e.t.j.p.i.JtaPlatformInitiator       : HHH000489: No JTA platform available (set 'hibernate.transaction.jta.platform' to enable JTA platform integration)
Hibernate: 
    alter table notification 
       modify column type enum ('app','push') not null
2024-11-11T17:12:41.762+09:00  INFO 268850 --- [PickingParking] [    Test worker] j.LocalContainerEntityManagerFactoryBean : Initialized JPA EntityManagerFactory for persistence unit 'default'
2024-11-11T17:12:42.034+09:00  WARN 268850 --- [PickingParking] [    Test worker] JpaBaseConfiguration$JpaWebConfiguration : spring.jpa.open-in-view is enabled by default. Therefore, database queries may be performed during view rendering. Explicitly configure spring.jpa.open-in-view to disable this warning
2024-11-11T17:12:42.065+09:00  WARN 268850 --- [PickingParking] [    Test worker] .s.s.UserDetailsServiceAutoConfiguration : 

Using generated security password: 6a2d9737-5782-4f1c-9889-384591223017

This generated password is for development use only. Your security configuration must be updated before running your application in production.

2024-11-11T17:12:42.067+09:00  INFO 268850 --- [PickingParking] [    Test worker] r$InitializeUserDetailsManagerConfigurer : Global AuthenticationManager configured with UserDetailsService bean with name inMemoryUserDetailsManager
2024-11-11T17:12:42.435+09:00  INFO 268850 --- [PickingParking] [    Test worker] o.s.b.a.e.web.EndpointLinksResolver      : Exposing 1 endpoint beneath base path '/actuator'
2024-11-11T17:12:42.681+09:00  WARN 268850 --- [PickingParking] [    Test worker] ion$DefaultTemplateResolverConfiguration : Cannot find template location: classpath:/templates/ (please add some templates, check your Thymeleaf configuration, or set spring.thymeleaf.check-template-location=false)
2024-11-11T17:12:42.968+09:00  INFO 268850 --- [PickingParking] [    Test worker] o.s.b.t.m.w.SpringBootMockServletContext : Initializing Spring TestDispatcherServlet ''
2024-11-11T17:12:42.969+09:00  INFO 268850 --- [PickingParking] [    Test worker] o.s.t.web.servlet.TestDispatcherServlet  : Initializing Servlet ''
2024-11-11T17:12:42.970+09:00  INFO 268850 --- [PickingParking] [    Test worker] o.s.t.web.servlet.TestDispatcherServlet  : Completed initialization in 1 ms
2024-11-11T17:12:43.001+09:00  INFO 268850 --- [PickingParking] [    Test worker] a.P.controller.UserControllerTest        : Started UserControllerTest in 2.524 seconds (process running for 9.461)
]]></system-out>
  <system-err><![CDATA[]]></system-err>
</testsuite>
