<?xml version="1.0" encoding="UTF-8"?>
<testsuite name="a102.PickingParking.PickingParkingApplicationTests" tests="1" skipped="0" failures="0" errors="0" timestamp="2024-11-11T08:12:39" hostname="ip-172-26-4-59" time="0.489">
  <properties/>
  <testcase name="contextLoads()" classname="a102.PickingParking.PickingParkingApplicationTests" time="0.489"/>
  <system-out><![CDATA[17:12:34.365 [Test worker] INFO org.springframework.test.context.support.AnnotationConfigContextLoaderUtils -- Could not detect default configuration classes for test class [a102.PickingParking.PickingParkingApplicationTests]: PickingParkingApplicationTests does not declare any static, non-private, non-final, nested classes annotated with @Configuration.
17:12:34.453 [Test worker] INFO org.springframework.boot.test.context.SpringBootTestContextBootstrapper -- Found @SpringBootConfiguration a102.PickingParking.PickingParkingApplication for test class a102.PickingParking.PickingParkingApplicationTests

  .   ____          _            __ _ _
 /\\ / ___'_ __ _ _(_)_ __  __ _ \ \ \ \
( ( )\___ | '_ | '_| | '_ \/ _` | \ \ \ \
 \\/  ___)| |_)| | | | | || (_| |  ) ) ) )
  '  |____| .__|_| |_|_| |_\__, | / / / /
 =========|_|==============|___/=/_/_/_/

 :: Spring Boot ::                (v3.3.5)

2024-11-11T17:12:34.792+09:00  INFO 268850 --- [PickingParking] [    Test worker] a.P.PickingParkingApplicationTests       : Starting PickingParkingApplicationTests using Java 21.0.4 with PID 268850 (started by ubuntu in /home/ubuntu/S11P31A102/backend)
2024-11-11T17:12:34.794+09:00  INFO 268850 --- [PickingParking] [    Test worker] a.P.PickingParkingApplicationTests       : No active profile set, falling back to 1 default profile: "default"
2024-11-11T17:12:35.703+09:00  INFO 268850 --- [PickingParking] [    Test worker] .s.d.r.c.RepositoryConfigurationDelegate : Bootstrapping Spring Data JPA repositories in DEFAULT mode.
2024-11-11T17:12:35.748+09:00  INFO 268850 --- [PickingParking] [    Test worker] .s.d.r.c.RepositoryConfigurationDelegate : Finished Spring Data repository scanning in 39 ms. Found 2 JPA repository interfaces.
2024-11-11T17:12:36.496+09:00  INFO 268850 --- [PickingParking] [    Test worker] o.hibernate.jpa.internal.util.LogHelper  : HHH000204: Processing PersistenceUnitInfo [name: default]
2024-11-11T17:12:36.539+09:00  INFO 268850 --- [PickingParking] [    Test worker] org.hibernate.Version                    : HHH000412: Hibernate ORM core version 6.5.3.Final
2024-11-11T17:12:36.566+09:00  INFO 268850 --- [PickingParking] [    Test worker] o.h.c.internal.RegionFactoryInitiator    : HHH000026: Second-level cache disabled
2024-11-11T17:12:36.816+09:00  INFO 268850 --- [PickingParking] [    Test worker] o.s.o.j.p.SpringPersistenceUnitInfo      : No LoadTimeWeaver setup: ignoring JPA class transformer
2024-11-11T17:12:36.841+09:00  INFO 268850 --- [PickingParking] [    Test worker] com.zaxxer.hikari.HikariDataSource       : HikariPool-1 - Starting...
2024-11-11T17:12:36.991+09:00  INFO 268850 --- [PickingParking] [    Test worker] com.zaxxer.hikari.pool.HikariPool        : HikariPool-1 - Added connection com.mysql.cj.jdbc.ConnectionImpl@7be859de
2024-11-11T17:12:36.993+09:00  INFO 268850 --- [PickingParking] [    Test worker] com.zaxxer.hikari.HikariDataSource       : HikariPool-1 - Start completed.
2024-11-11T17:12:37.035+09:00  WARN 268850 --- [PickingParking] [    Test worker] org.hibernate.orm.deprecation            : HHH90000025: MySQLDialect does not need to be specified explicitly using 'hibernate.dialect' (remove the property setting and it will be selected by default)
2024-11-11T17:12:37.885+09:00  INFO 268850 --- [PickingParking] [    Test worker] o.h.e.t.j.p.i.JtaPlatformInitiator       : HHH000489: No JTA platform available (set 'hibernate.transaction.jta.platform' to enable JTA platform integration)
Hibernate: 
    alter table notification 
       modify column type enum ('app','push') not null
2024-11-11T17:12:38.119+09:00  INFO 268850 --- [PickingParking] [    Test worker] j.LocalContainerEntityManagerFactoryBean : Initialized JPA EntityManagerFactory for persistence unit 'default'
2024-11-11T17:12:38.635+09:00  WARN 268850 --- [PickingParking] [    Test worker] JpaBaseConfiguration$JpaWebConfiguration : spring.jpa.open-in-view is enabled by default. Therefore, database queries may be performed during view rendering. Explicitly configure spring.jpa.open-in-view to disable this warning
2024-11-11T17:12:38.668+09:00  WARN 268850 --- [PickingParking] [    Test worker] .s.s.UserDetailsServiceAutoConfiguration : 

Using generated security password: 23b74cd1-d275-4d3c-9236-62760dee05a6

This generated password is for development use only. Your security configuration must be updated before running your application in production.

2024-11-11T17:12:38.676+09:00  INFO 268850 --- [PickingParking] [    Test worker] r$InitializeUserDetailsManagerConfigurer : Global AuthenticationManager configured with UserDetailsService bean with name inMemoryUserDetailsManager
2024-11-11T17:12:39.148+09:00  INFO 268850 --- [PickingParking] [    Test worker] o.s.b.a.e.web.EndpointLinksResolver      : Exposing 1 endpoint beneath base path '/actuator'
2024-11-11T17:12:39.471+09:00  WARN 268850 --- [PickingParking] [    Test worker] ion$DefaultTemplateResolverConfiguration : Cannot find template location: classpath:/templates/ (please add some templates, check your Thymeleaf configuration, or set spring.thymeleaf.check-template-location=false)
2024-11-11T17:12:39.858+09:00  INFO 268850 --- [PickingParking] [    Test worker] a.P.PickingParkingApplicationTests       : Started PickingParkingApplicationTests in 5.277 seconds (process running for 6.318)
]]></system-out>
  <system-err><![CDATA[WARNING: A Java agent has been loaded dynamically (/home/ubuntu/.gradle/caches/modules-2/files-2.1/net.bytebuddy/byte-buddy-agent/1.14.19/154da3a65b4f4a909d3e5bdec55d1b2b4cbb6ce1/byte-buddy-agent-1.14.19.jar)
WARNING: If a serviceability tool is in use, please run with -XX:+EnableDynamicAgentLoading to hide this warning
WARNING: If a serviceability tool is not in use, please run with -Djdk.instrument.traceUsage for more information
WARNING: Dynamic loading of agents will be disallowed by default in a future release
]]></system-err>
</testsuite>
