<?xml version="1.0" encoding="UTF-8"?>
<testsuite name="a102.PickingParking.service.UserServiceTest" tests="2" skipped="0" failures="0" errors="0" timestamp="2024-11-11T08:12:43" hostname="ip-172-26-4-59" time="0.699">
  <properties/>
  <testcase name="로그인()" classname="a102.PickingParking.service.UserServiceTest" time="0.44"/>
  <testcase name="회원가입()" classname="a102.PickingParking.service.UserServiceTest" time="0.256"/>
  <system-out><![CDATA[2024-11-11T17:12:43.443+09:00  INFO 268850 --- [PickingParking] [    Test worker] t.c.s.AnnotationConfigContextLoaderUtils : Could not detect default configuration classes for test class [a102.PickingParking.service.UserServiceTest]: UserServiceTest does not declare any static, non-private, non-final, nested classes annotated with @Configuration.
2024-11-11T17:12:43.453+09:00  INFO 268850 --- [PickingParking] [    Test worker] .b.t.c.SpringBootTestContextBootstrapper : Found @SpringBootConfiguration a102.PickingParking.PickingParkingApplication for test class a102.PickingParking.service.UserServiceTest
Hibernate: 
    select
        u1_0.user_seq,
        u1_0.created_at,
        u1_0.user_pw,
        u1_0.user_phone,
        u1_0.point,
        u1_0.unsubcribed_at,
        u1_0.user_id 
    from
        user u1_0 
    where
        u1_0.user_id=?
Hibernate: 
    insert 
    into
        user
        (created_at, user_pw, user_phone, point, unsubcribed_at, user_id) 
    values
        (?, ?, ?, ?, ?, ?)
Hibernate: 
    select
        u1_0.user_seq,
        u1_0.created_at,
        u1_0.user_pw,
        u1_0.user_phone,
        u1_0.point,
        u1_0.unsubcribed_at,
        u1_0.user_id 
    from
        user u1_0 
    where
        u1_0.user_id=?
Hibernate: 
    select
        u1_0.user_seq,
        u1_0.created_at,
        u1_0.user_pw,
        u1_0.user_phone,
        u1_0.point,
        u1_0.unsubcribed_at,
        u1_0.user_id 
    from
        user u1_0 
    where
        u1_0.user_id=?
Hibernate: 
    insert 
    into
        user
        (created_at, user_pw, user_phone, point, unsubcribed_at, user_id) 
    values
        (?, ?, ?, ?, ?, ?)
]]></system-out>
  <system-err><![CDATA[]]></system-err>
</testsuite>
